<?xml version="1.0" encoding="UTF-8"?>
<!-- Generated by org.testng.reporters.JUnitReportReporter -->
<testsuite hostname="Emtiaz-Surface" name="zTest.SmokeTest" tests="5" failures="0" timestamp="21 May 2016 16:27:00 GMT" time="74.617" errors="0">
  <testcase name="Google" time="14.560" classname="zTest.SmokeTest"/>
  <testcase name="Yahoo" time="11.530" classname="zTest.SmokeTest"/>
  <testcase name="Facebook" time="12.094" classname="zTest.SmokeTest"/>
  <testcase name="bbc" time="22.223" classname="zTest.SmokeTest"/>
  <testcase name="msn" time="14.210" classname="zTest.SmokeTest"/>
</testsuite> <!-- zTest.SmokeTest -->
